# JRE version: OpenJDK Runtime Environment (11.0.8+10) (build 11.0.8+10-b944.6842174)
# Java VM: OpenJDK 64-Bit Server VM (11.0.8+10-b944.6842174, mixed mode, tiered, compressed oops, g1 gc, windows-amd64)
Heap:
 garbage-first heap   total 583680K, used 171237K [0x0000000080000000, 0x0000000100000000)
  region size 1024K, 8 young (8192K), 8 survivors (8192K)
 Metaspace       used 139340K, capacity 143342K, committed 153676K, reserved 1183744K
  class space    used 16861K, capacity 18298K, committed 19840K, reserved 1048576K
GC Heap History (20 events):
Event: 1884.029 GC heap after
{Heap after GC invocations=213 (full 0):
 garbage-first heap   total 221184K, used 137741K [0x0000000080000000, 0x0000000100000000)
  region size 1024K, 1 young (1024K), 1 survivors (1024K)
 Metaspace       used 137957K, capacity 141929K, committed 153676K, reserved 1183744K
  class space    used 16687K, capacity 18076K, committed 19840K, reserved 1048576K
}
Event: 1884.135 GC heap before
{Heap before GC invocations=213 (full 0):
 garbage-first heap   total 221184K, used 180749K [0x0000000080000000, 0x0000000100000000)
  region size 1024K, 40 young (40960K), 1 survivors (1024K)
 Metaspace       used 138026K, capacity 141953K, committed 153676K, reserved 1183744K
  class space    used 16689K, capacity 18078K, committed 19840K, reserved 1048576K
}
Event: 1884.142 GC heap after
{Heap after GC invocations=214 (full 0):
 garbage-first heap   total 221184K, used 147437K [0x0000000080000000, 0x0000000100000000)
  region size 1024K, 5 young (5120K), 5 survivors (5120K)
 Metaspace       used 138026K, capacity 141953K, committed 153676K, reserved 1183744K
  class space    used 16689K, capacity 18078K, committed 19840K, reserved 1048576K
}
Event: 1884.221 GC heap before
{Heap before GC invocations=214 (full 0):
 garbage-first heap   total 221184K, used 181229K [0x0000000080000000, 0x0000000100000000)
  region size 1024K, 38 young (38912K), 5 survivors (5120K)
 Metaspace       used 138155K, capacity 142115K, committed 153676K, reserved 1183744K
  class space    used 16705K, capacity 18087K, committed 19840K, reserved 1048576K
}
Event: 1884.234 GC heap after
{Heap after GC invocations=215 (full 0):
 garbage-first heap   total 221184K, used 157693K [0x0000000080000000, 0x0000000100000000)
  region size 1024K, 5 young (5120K), 5 survivors (5120K)
 Metaspace       used 138155K, capacity 142115K, committed 153676K, reserved 1183744K
  class space    used 16705K, capacity 18087K, committed 19840K, reserved 1048576K
}
Event: 1884.290 GC heap before
{Heap before GC invocations=216 (full 0):
 garbage-first heap   total 221184K, used 181245K [0x0000000080000000, 0x0000000100000000)
  region size 1024K, 29 young (29696K), 5 survivors (5120K)
 Metaspace       used 138968K, capacity 143204K, committed 153676K, reserved 1183744K
  class space    used 16963K, capacity 18552K, committed 19840K, reserved 1048576K
}
Event: 1884.302 GC heap after
{Heap after GC invocations=217 (full 0):
 garbage-first heap   total 221184K, used 164046K [0x0000000080000000, 0x0000000100000000)
  region size 1024K, 4 young (4096K), 4 survivors (4096K)
 Metaspace       used 138968K, capacity 143204K, committed 153676K, reserved 1183744K
  class space    used 16963K, capacity 18552K, committed 19840K, reserved 1048576K
}
Event: 1884.314 GC heap before
{Heap before GC invocations=217 (full 0):
 garbage-first heap   total 221184K, used 170190K [0x0000000080000000, 0x0000000100000000)
  region size 1024K, 10 young (10240K), 4 survivors (4096K)
 Metaspace       used 138988K, capacity 143204K, committed 153676K, reserved 1183744K
  class space    used 16963K, capacity 18552K, committed 19840K, reserved 1048576K
}
Event: 1884.324 GC heap after
{Heap after GC invocations=218 (full 0):
 garbage-first heap   total 221184K, used 161393K [0x0000000080000000, 0x0000000100000000)
  region size 1024K, 1 young (1024K), 1 survivors (1024K)
 Metaspace       used 138988K, capacity 143204K, committed 153676K, reserved 1183744K
  class space    used 16963K, capacity 18552K, committed 19840K, reserved 1048576K
}
Event: 1884.365 GC heap before
{Heap before GC invocations=218 (full 0):
 garbage-first heap   total 221184K, used 182897K [0x0000000080000000, 0x0000000100000000)
  region size 1024K, 22 young (22528K), 1 survivors (1024K)
 Metaspace       used 138988K, capacity 143204K, committed 153676K, reserved 1183744K
  class space    used 16963K, capacity 18552K, committed 19840K, reserved 1048576K
}
Event: 1884.370 GC heap after
{Heap after GC invocations=219 (full 0):
 garbage-first heap   total 221184K, used 163549K [0x0000000080000000, 0x0000000100000000)
  region size 1024K, 3 young (3072K), 3 survivors (3072K)
 Metaspace       used 138988K, capacity 143204K, committed 153676K, reserved 1183744K
  class space    used 16963K, capacity 18552K, committed 19840K, reserved 1048576K
}
Event: 1884.421 GC heap before
{Heap before GC invocations=219 (full 0):
 garbage-first heap   total 221184K, used 184029K [0x0000000080000000, 0x0000000100000000)
  region size 1024K, 24 young (24576K), 3 survivors (3072K)
 Metaspace       used 138988K, capacity 143204K, committed 153676K, reserved 1183744K
  class space    used 16963K, capacity 18552K, committed 19840K, reserved 1048576K
}
Event: 1884.429 GC heap after
{Heap after GC invocations=220 (full 0):
 garbage-first heap   total 302080K, used 164302K [0x0000000080000000, 0x0000000100000000)
  region size 1024K, 3 young (3072K), 3 survivors (3072K)
 Metaspace       used 138988K, capacity 143204K, committed 153676K, reserved 1183744K
  class space    used 16963K, capacity 18552K, committed 19840K, reserved 1048576K
}
Event: 1884.849 GC heap before
{Heap before GC invocations=221 (full 0):
 garbage-first heap   total 302080K, used 218574K [0x0000000080000000, 0x0000000100000000)
  region size 1024K, 57 young (58368K), 3 survivors (3072K)
 Metaspace       used 138609K, capacity 142585K, committed 153676K, reserved 1183744K
  class space    used 16771K, capacity 18185K, committed 19840K, reserved 1048576K
}
Event: 1884.870 GC heap after
{Heap after GC invocations=222 (full 0):
 garbage-first heap   total 302080K, used 166679K [0x0000000080000000, 0x0000000100000000)
  region size 1024K, 5 young (5120K), 5 survivors (5120K)
 Metaspace       used 138609K, capacity 142585K, committed 153676K, reserved 1183744K
  class space    used 16771K, capacity 18185K, committed 19840K, reserved 1048576K
}
Event: 1884.894 GC heap before
{Heap before GC invocations=222 (full 0):
 garbage-first heap   total 302080K, used 174871K [0x0000000080000000, 0x0000000100000000)
  region size 1024K, 14 young (14336K), 5 survivors (5120K)
 Metaspace       used 138610K, capacity 142586K, committed 153676K, reserved 1183744K
  class space    used 16771K, capacity 18185K, committed 19840K, reserved 1048576K
}
Event: 1884.906 GC heap after
{Heap after GC invocations=223 (full 0):
 garbage-first heap   total 302080K, used 162247K [0x0000000080000000, 0x0000000100000000)
  region size 1024K, 2 young (2048K), 2 survivors (2048K)
 Metaspace       used 138610K, capacity 142586K, committed 153676K, reserved 1183744K
  class space    used 16771K, capacity 18185K, committed 19840K, reserved 1048576K
}
Event: 1885.003 GC heap before
{Heap before GC invocations=223 (full 0):
 garbage-first heap   total 302080K, used 188871K [0x0000000080000000, 0x0000000100000000)
  region size 1024K, 30 young (30720K), 2 survivors (2048K)
 Metaspace       used 138710K, capacity 142678K, committed 153676K, reserved 1183744K
  class space    used 16771K, capacity 18185K, committed 19840K, reserved 1048576K
}
Event: 1885.019 GC heap after
{Heap after GC invocations=224 (full 0):
 garbage-first heap   total 302080K, used 162988K [0x0000000080000000, 0x0000000100000000)
  region size 1024K, 3 young (3072K), 3 survivors (3072K)
 Metaspace       used 138710K, capacity 142678K, committed 153676K, reserved 1183744K
  class space    used 16771K, capacity 18185K, committed 19840K, reserved 1048576K
}
Event: 1886.507 GC heap before
{Heap before GC invocations=225 (full 0):
 garbage-first heap   total 302080K, used 228524K [0x0000000080000000, 0x0000000100000000)
  region size 1024K, 64 young (65536K), 3 survivors (3072K)
 Metaspace       used 139340K, capacity 143342K, committed 153676K, reserved 1183744K
  class space    used 16861K, capacity 18298K, committed 19840K, reserved 1048576K
}

