# JRE version: OpenJDK Runtime Environment (11.0.8+10) (build 11.0.8+10-b944.6842174)
# Java VM: OpenJDK 64-Bit Server VM (11.0.8+10-b944.6842174, mixed mode, tiered, compressed oops, g1 gc, windows-amd64)
Heap:
 garbage-first heap   total 185344K, used 48643K [0x0000000082e00000, 0x0000000100000000)
  region size 1024K, 25 young (25600K), 7 survivors (7168K)
 Metaspace       used 45154K, capacity 45625K, committed 45696K, reserved 1089536K
  class space    used 5295K, capacity 5474K, committed 5504K, reserved 1048576K
GC Heap History (10 events):
Event: 0.431 GC heap before
{Heap before GC invocations=0 (full 0):
 garbage-first heap   total 129024K, used 27648K [0x0000000082e00000, 0x0000000100000000)
  region size 1024K, 24 young (24576K), 0 survivors (0K)
 Metaspace       used 12339K, capacity 12405K, committed 12544K, reserved 1060864K
  class space    used 1157K, capacity 1174K, committed 1280K, reserved 1048576K
}
Event: 0.436 GC heap after
{Heap after GC invocations=1 (full 0):
 garbage-first heap   total 129024K, used 5626K [0x0000000082e00000, 0x0000000100000000)
  region size 1024K, 3 young (3072K), 3 survivors (3072K)
 Metaspace       used 12339K, capacity 12405K, committed 12544K, reserved 1060864K
  class space    used 1157K, capacity 1174K, committed 1280K, reserved 1048576K
}
Event: 0.895 GC heap before
{Heap before GC invocations=1 (full 0):
 garbage-first heap   total 129024K, used 41466K [0x0000000082e00000, 0x0000000100000000)
  region size 1024K, 39 young (39936K), 3 survivors (3072K)
 Metaspace       used 20950K, capacity 21093K, committed 21248K, reserved 1069056K
  class space    used 2220K, capacity 2284K, committed 2304K, reserved 1048576K
}
Event: 0.904 GC heap after
{Heap after GC invocations=2 (full 0):
 garbage-first heap   total 129024K, used 9323K [0x0000000082e00000, 0x0000000100000000)
  region size 1024K, 7 young (7168K), 7 survivors (7168K)
 Metaspace       used 20950K, capacity 21093K, committed 21248K, reserved 1069056K
  class space    used 2220K, capacity 2284K, committed 2304K, reserved 1048576K
}
Event: 1.571 GC heap before
{Heap before GC invocations=3 (full 0):
 garbage-first heap   total 129024K, used 73835K [0x0000000082e00000, 0x0000000100000000)
  region size 1024K, 58 young (59392K), 7 survivors (7168K)
 Metaspace       used 30773K, capacity 31237K, committed 31488K, reserved 1077248K
  class space    used 3652K, capacity 3824K, committed 3840K, reserved 1048576K
}
Event: 1.589 GC heap after
{Heap after GC invocations=4 (full 0):
 garbage-first heap   total 129024K, used 23957K [0x0000000082e00000, 0x0000000100000000)
  region size 1024K, 8 young (8192K), 8 survivors (8192K)
 Metaspace       used 30773K, capacity 31237K, committed 31488K, reserved 1077248K
  class space    used 3652K, capacity 3824K, committed 3840K, reserved 1048576K
}
Event: 1.847 GC heap before
{Heap before GC invocations=4 (full 0):
 garbage-first heap   total 129024K, used 44437K [0x0000000082e00000, 0x0000000100000000)
  region size 1024K, 29 young (29696K), 8 survivors (8192K)
 Metaspace       used 35029K, capacity 35439K, committed 35584K, reserved 1081344K
  class space    used 4103K, capacity 4283K, committed 4352K, reserved 1048576K
}
Event: 1.875 GC heap after
{Heap after GC invocations=5 (full 0):
 garbage-first heap   total 129024K, used 24808K [0x0000000082e00000, 0x0000000100000000)
  region size 1024K, 3 young (3072K), 3 survivors (3072K)
 Metaspace       used 35029K, capacity 35439K, committed 35584K, reserved 1081344K
  class space    used 4103K, capacity 4283K, committed 4352K, reserved 1048576K
}
Event: 2.505 GC heap before
{Heap before GC invocations=6 (full 0):
 garbage-first heap   total 129024K, used 73960K [0x0000000082e00000, 0x0000000100000000)
  region size 1024K, 49 young (50176K), 3 survivors (3072K)
 Metaspace       used 44992K, capacity 45497K, committed 45696K, reserved 1089536K
  class space    used 5293K, capacity 5474K, committed 5504K, reserved 1048576K
}
Event: 2.519 GC heap after
{Heap after GC invocations=7 (full 0):
 garbage-first heap   total 185344K, used 30211K [0x0000000082e00000, 0x0000000100000000)
  region size 1024K, 7 young (7168K), 7 survivors (7168K)
 Metaspace       used 44992K, capacity 45497K, committed 45696K, reserved 1089536K
  class space    used 5293K, capacity 5474K, committed 5504K, reserved 1048576K
}

